----------------------------------------------------------------
2018-01-16 11:03:24.442 GMT:
 Booting Derby version The Apache Software Foundation - Apache Derby - 10.5.3.0 - (802917): instance a816c00e-0160-fea3-5190-000005f35b90
on database directory D:\Rahul\javaWEB\JcrDemo3\jackrabbit\version\db  

Database Class Loader started - derby.database.classpath=''
----------------------------------------------------------------
2018-01-16 11:03:24.916 GMT:
 Booting Derby version The Apache Software Foundation - Apache Derby - 10.5.3.0 - (802917): instance 888c4022-0160-fea3-5190-000005f35b90
on database directory D:\Rahul\javaWEB\JcrDemo3\jackrabbit\workspaces\default\db  

Database Class Loader started - derby.database.classpath=''
----------------------------------------------------------------
2018-01-16 11:03:25.582 GMT:
 Booting Derby version The Apache Software Foundation - Apache Derby - 10.5.3.0 - (802917): instance 6965c036-0160-fea3-5190-000005f35b90
on database directory D:\Rahul\javaWEB\JcrDemo3\jackrabbit\workspaces\security\db  

Database Class Loader started - derby.database.classpath=''

2018-01-16 11:03:25.944 GMT:
Shutting down instance 888c4022-0160-fea3-5190-000005f35b90
----------------------------------------------------------------

2018-01-16 11:03:26.069 GMT:
Shutting down instance 6965c036-0160-fea3-5190-000005f35b90
----------------------------------------------------------------

2018-01-16 11:03:26.154 GMT:
Shutting down instance a816c00e-0160-fea3-5190-000005f35b90
----------------------------------------------------------------
