----------------------------------------------------------------
2018-01-16 08:58:04.703 GMT:
 Booting Derby version The Apache Software Foundation - Apache Derby - 10.5.3.0 - (802917): instance a816c00e-0160-fe30-93a9-000005fde670
on database directory D:\Rahul\javaWEB\JcrDemo\repository\version\db  

Database Class Loader started - derby.database.classpath=''
----------------------------------------------------------------
2018-01-16 08:58:05.168 GMT:
 Booting Derby version The Apache Software Foundation - Apache Derby - 10.5.3.0 - (802917): instance 888c4022-0160-fe30-93a9-000005fde670
on database directory D:\Rahul\javaWEB\JcrDemo\repository\workspaces\default\db  

Database Class Loader started - derby.database.classpath=''
----------------------------------------------------------------
2018-01-16 08:58:05.702 GMT:
 Booting Derby version The Apache Software Foundation - Apache Derby - 10.5.3.0 - (802917): instance 6965c036-0160-fe30-93a9-000005fde670
on database directory D:\Rahul\javaWEB\JcrDemo\repository\workspaces\security\db  

Database Class Loader started - derby.database.classpath=''

2018-01-16 08:58:06.183 GMT:
Shutting down instance 888c4022-0160-fe30-93a9-000005fde670
----------------------------------------------------------------

2018-01-16 08:58:06.285 GMT:
Shutting down instance 6965c036-0160-fe30-93a9-000005fde670
----------------------------------------------------------------

2018-01-16 08:58:06.443 GMT:
Shutting down instance a816c00e-0160-fe30-93a9-000005fde670
----------------------------------------------------------------
